<?xml version="1.0" encoding="UTF-8"?>
<!-- Generated by org.testng.reporters.JUnitReportReporter -->
<testsuite hostname="AGLS-LT-32" name="digs_Smoke_Test_Cases.User_Profile_Change_Search_Preferences" tests="1" failures="0" timestamp="7 Dec 2017 10:42:33 GMT" time="94.810" errors="1">
  <testcase name="userProfileChangeSearchPreferences" time="94.810" classname="digs_Smoke_Test_Cases.User_Profile_Change_Search_Preferences">
    <error type="atu.testng.reports.exceptions.ATUReporterStepFailedException">
      <![CDATA[[ATU Custom Reporter Step Failed Exception]
	at atu.testng.reports.ATUReports.stepFailureHandler(Unknown Source)
	at atu.testng.reports.ATUReports.add(Unknown Source)
	at digs_Smoke_Test_Cases.Wrapper.clickById(Wrapper.java:344)
	at digs_Smoke_Test_Cases.User_Profile_Change_Search_Preferences.userProfileChangeSearchPreferences(User_Profile_Change_Search_Preferences.java:30)
	at sun.reflect.NativeMethodAccessorImpl.invoke0(Native Method)
	at sun.reflect.NativeMethodAccessorImpl.invoke(NativeMethodAccessorImpl.java:62)
	at sun.reflect.DelegatingMethodAccessorImpl.invoke(DelegatingMethodAccessorImpl.java:43)
	at java.lang.reflect.Method.invoke(Method.java:498)
	at org.testng.internal.MethodInvocationHelper.invokeMethod(MethodInvocationHelper.java:85)
	at org.testng.internal.Invoker.invokeMethod(Invoker.java:639)
	at org.testng.internal.Invoker.invokeTestMethod(Invoker.java:816)
	at org.testng.internal.Invoker.invokeTestMethods(Invoker.java:1124)
	at org.testng.internal.TestMethodWorker.invokeTestMethods(TestMethodWorker.java:125)
	at org.testng.internal.TestMethodWorker.run(TestMethodWorker.java:108)
	at java.util.concurrent.ThreadPoolExecutor.runWorker(ThreadPoolExecutor.java:1142)
	at java.util.concurrent.ThreadPoolExecutor$Worker.run(ThreadPoolExecutor.java:617)
	at java.lang.Thread.run(Thread.java:745)
]]>
    </error>
  </testcase> <!-- userProfileChangeSearchPreferences -->
</testsuite> <!-- digs_Smoke_Test_Cases.User_Profile_Change_Search_Preferences -->
