<?xml version="1.0" encoding="UTF-8"?>
<!-- Generated by org.testng.reporters.JUnitReportReporter -->
<testsuite hostname="AGLS-LT-32" name="digs_Smoke_Test_Cases.Investigate_Summary" tests="1" failures="0" timestamp="30 Jan 2018 17:31:54 GMT" time="72.139" errors="0">
  <testcase name="help" time="72.139" classname="digs_Smoke_Test_Cases.Investigate_Summary"/>
</testsuite> <!-- digs_Smoke_Test_Cases.Investigate_Summary -->
